<?xml version="1.0" encoding="UTF-8"?>
<!-- Generated by org.testng.reporters.JUnitXMLReporter -->
<testsuite hostname="Kellys-MacBook-Pro.local" name="JavaTutorial" tests="1" failures="1" timestamp="23 Aug 2017 15:41:41 GMT" time="11.276" errors="0">
  <testcase name="test1_invalidCredentials" time="5.85" classname="TestNG2.TestNG_ScreenshotsOnFailTest">
    <failure type="java.lang.AssertionError" message="expected [true] but found [false]">
      <![CDATA[java.lang.AssertionError: expected [true] but found [false]
	at TestNG2.TestNG_ScreenshotsOnFailTest.test1_invalidCredentials(TestNG_ScreenshotsOnFailTest.java:71)
... Removed 27 stack frames]]>
    </failure>
  </testcase> <!-- test1_invalidCredentials -->
</testsuite> <!-- JavaTutorial -->
